{"numTotalTestSuites":6,"numPassedTestSuites":6,"numFailedTestSuites":0,"numPendingTestSuites":0,"numTotalTests":7,"numPassedTests":1,"numFailedTests":0,"numPendingTests":6,"numTodoTests":0,"snapshot":{"added":0,"failure":false,"filesAdded":0,"filesRemoved":0,"filesRemovedList":[],"filesUnmatched":0,"filesUpdated":0,"matched":0,"total":0,"unchecked":0,"uncheckedKeysByFile":[],"unmatched":0,"updated":0,"didUpdate":false},"startTime":1748101724325,"success":true,"testResults":[{"assertionResults":[{"ancestorTitles":["Authentication Endpoints","Registration"],"fullName":"Authentication Endpoints Registration should register a new user","status":"skipped","title":"should register a new user","failureMessages":[],"meta":{}},{"ancestorTitles":["Authentication Endpoints","Registration"],"fullName":"Authentication Endpoints Registration should fail registration with invalid data","status":"skipped","title":"should fail registration with invalid data","failureMessages":[],"meta":{}},{"ancestorTitles":["Authentication Endpoints","Login"],"fullName":"Authentication Endpoints Login should successfully login with valid credentials","status":"skipped","title":"should successfully login with valid credentials","failureMessages":[],"meta":{}},{"ancestorTitles":["Authentication Endpoints","Login"],"fullName":"Authentication Endpoints Login should fail login with invalid credentials","status":"skipped","title":"should fail login with invalid credentials","failureMessages":[],"meta":{}},{"ancestorTitles":["Authentication Endpoints","Logout"],"fullName":"Authentication Endpoints Logout should successfully logout","status":"passed","title":"should successfully logout","duration":738.9422090000007,"failureMessages":[],"meta":{}},{"ancestorTitles":["Authentication Endpoints","Auth Status"],"fullName":"Authentication Endpoints Auth Status should return auth status for authenticated user","status":"skipped","title":"should return auth status for authenticated user","failureMessages":[],"meta":{}},{"ancestorTitles":["Authentication Endpoints","Auth Status"],"fullName":"Authentication Endpoints Auth Status should return auth status for unauthenticated user","status":"skipped","title":"should return auth status for unauthenticated user","failureMessages":[],"meta":{}}],"startTime":1748107174292,"endTime":1748107175030.9421,"status":"passed","message":"","name":"/Users/naf/Downloads/doof/tests/e2e/api/auth-endpoints.test.js"}]}