{"numTotalTestSuites":5,"numPassedTestSuites":0,"numFailedTestSuites":5,"numPendingTestSuites":0,"numTotalTests":3,"numPassedTests":0,"numFailedTests":3,"numPendingTests":0,"numTodoTests":0,"snapshot":{"added":0,"failure":false,"filesAdded":0,"filesRemoved":0,"filesRemovedList":[],"filesUnmatched":0,"filesUpdated":0,"matched":0,"total":0,"unchecked":0,"uncheckedKeysByFile":[],"unmatched":0,"updated":0,"didUpdate":false},"startTime":1748113618301,"success":false,"testResults":[{"assertionResults":[{"ancestorTitles":["API Reporter Demo Tests","Successful API Requests"],"fullName":"API Reporter Demo Tests Successful API Requests should demonstrate successful API request reporting","status":"failed","title":"should demonstrate successful API request reporting","duration":5077.835583,"failureMessages":["Error: STACK_TRACE_ERROR\n    at task (file:///Users/naf/Downloads/doof/node_modules/@vitest/runner/dist/index.js:481:27)\n    at Object.<anonymous> (file:///Users/naf/Downloads/doof/node_modules/@vitest/runner/dist/index.js:503:16)\n    at Object.<anonymous> (file:///Users/naf/Downloads/doof/node_modules/@vitest/runner/dist/index.js:308:28)\n    at chain (file:///Users/naf/Downloads/doof/node_modules/@vitest/runner/dist/chunk-tasks.js:8:14)\n    at /Users/naf/Downloads/doof/tests/e2e/api/api-reporter-demo.test.js:17:7\n    at file:///Users/naf/Downloads/doof/node_modules/@vitest/runner/dist/index.js:578:40\n    at runWithSuite (file:///Users/naf/Downloads/doof/node_modules/@vitest/runner/dist/index.js:839:8)\n    at Object.collect (file:///Users/naf/Downloads/doof/node_modules/@vitest/runner/dist/index.js:578:10)\n    at Object.collect (file:///Users/naf/Downloads/doof/node_modules/@vitest/runner/dist/index.js:582:54)\n    at processTicksAndRejections (node:internal/process/task_queues:105:5)\n    at Object.collect (file:///Users/naf/Downloads/doof/node_modules/@vitest/runner/dist/index.js:582:46)\n    at collectTests (file:///Users/naf/Downloads/doof/node_modules/@vitest/runner/dist/index.js:1124:25)\n    at startTests (file:///Users/naf/Downloads/doof/node_modules/@vitest/runner/dist/index.js:1568:16)\n    at file:///Users/naf/Downloads/doof/node_modules/vitest/dist/chunks/runBaseTests.BV8m0B-u.js:122:5\n    at withEnv (file:///Users/naf/Downloads/doof/node_modules/vitest/dist/chunks/runBaseTests.BV8m0B-u.js:88:3)"],"meta":{}},{"ancestorTitles":["API Reporter Demo Tests","Failed API Requests"],"fullName":"API Reporter Demo Tests Failed API Requests should demonstrate failed API request reporting","status":"failed","title":"should demonstrate failed API request reporting","duration":5005.535708000001,"failureMessages":["Error: STACK_TRACE_ERROR\n    at task (file:///Users/naf/Downloads/doof/node_modules/@vitest/runner/dist/index.js:481:27)\n    at Object.<anonymous> (file:///Users/naf/Downloads/doof/node_modules/@vitest/runner/dist/index.js:503:16)\n    at Object.<anonymous> (file:///Users/naf/Downloads/doof/node_modules/@vitest/runner/dist/index.js:308:28)\n    at chain (file:///Users/naf/Downloads/doof/node_modules/@vitest/runner/dist/chunk-tasks.js:8:14)\n    at /Users/naf/Downloads/doof/tests/e2e/api/api-reporter-demo.test.js:41:7\n    at file:///Users/naf/Downloads/doof/node_modules/@vitest/runner/dist/index.js:578:40\n    at runWithSuite (file:///Users/naf/Downloads/doof/node_modules/@vitest/runner/dist/index.js:839:8)\n    at Object.collect (file:///Users/naf/Downloads/doof/node_modules/@vitest/runner/dist/index.js:578:10)\n    at Object.collect (file:///Users/naf/Downloads/doof/node_modules/@vitest/runner/dist/index.js:582:54)\n    at processTicksAndRejections (node:internal/process/task_queues:105:5)\n    at Object.collect (file:///Users/naf/Downloads/doof/node_modules/@vitest/runner/dist/index.js:582:46)\n    at collectTests (file:///Users/naf/Downloads/doof/node_modules/@vitest/runner/dist/index.js:1124:25)\n    at startTests (file:///Users/naf/Downloads/doof/node_modules/@vitest/runner/dist/index.js:1568:16)\n    at file:///Users/naf/Downloads/doof/node_modules/vitest/dist/chunks/runBaseTests.BV8m0B-u.js:122:5\n    at withEnv (file:///Users/naf/Downloads/doof/node_modules/vitest/dist/chunks/runBaseTests.BV8m0B-u.js:88:3)"],"meta":{}},{"ancestorTitles":["API Reporter Demo Tests","Authentication Flow"],"fullName":"API Reporter Demo Tests Authentication Flow should demonstrate authentication flow reporting","status":"failed","title":"should demonstrate authentication flow reporting","duration":5001.660500000002,"failureMessages":["Error: STACK_TRACE_ERROR\n    at task (file:///Users/naf/Downloads/doof/node_modules/@vitest/runner/dist/index.js:481:27)\n    at Object.<anonymous> (file:///Users/naf/Downloads/doof/node_modules/@vitest/runner/dist/index.js:503:16)\n    at Object.<anonymous> (file:///Users/naf/Downloads/doof/node_modules/@vitest/runner/dist/index.js:308:28)\n    at chain (file:///Users/naf/Downloads/doof/node_modules/@vitest/runner/dist/chunk-tasks.js:8:14)\n    at /Users/naf/Downloads/doof/tests/e2e/api/api-reporter-demo.test.js:72:7\n    at file:///Users/naf/Downloads/doof/node_modules/@vitest/runner/dist/index.js:578:40\n    at runWithSuite (file:///Users/naf/Downloads/doof/node_modules/@vitest/runner/dist/index.js:839:8)\n    at Object.collect (file:///Users/naf/Downloads/doof/node_modules/@vitest/runner/dist/index.js:578:10)\n    at Object.collect (file:///Users/naf/Downloads/doof/node_modules/@vitest/runner/dist/index.js:582:54)\n    at processTicksAndRejections (node:internal/process/task_queues:105:5)\n    at Object.collect (file:///Users/naf/Downloads/doof/node_modules/@vitest/runner/dist/index.js:582:46)\n    at collectTests (file:///Users/naf/Downloads/doof/node_modules/@vitest/runner/dist/index.js:1124:25)\n    at startTests (file:///Users/naf/Downloads/doof/node_modules/@vitest/runner/dist/index.js:1568:16)\n    at file:///Users/naf/Downloads/doof/node_modules/vitest/dist/chunks/runBaseTests.BV8m0B-u.js:122:5\n    at withEnv (file:///Users/naf/Downloads/doof/node_modules/vitest/dist/chunks/runBaseTests.BV8m0B-u.js:88:3)"],"meta":{}}],"startTime":1748113620549,"endTime":1748113635634.6604,"status":"failed","message":"","name":"/Users/naf/Downloads/doof/tests/e2e/api/api-reporter-demo.test.js"}]}