<testsuites id="" name="" tests="35" failures="12" skipped="0" errors="0" time="106.98572899999999">
<testsuite name="core-flows.spec.js" timestamp="2025-05-31T17:03:55.597Z" hostname="chromium" tests="7" failures="2" skipped="0" time="25.801" errors="0">
<testcase name="DOOF Core User Flows â€º should load the application homepage" classname="core-flows.spec.js" time="1.226">
<failure message="core-flows.spec.js:38:3 should load the application homepage" type="FAILURE">
<![CDATA[  [chromium] â€º core-flows.spec.js:38:3 â€º DOOF Core User Flows â€º should load the application homepage 

    Error: locator.isVisible: Error: strict mode violation: locator('nav') resolved to 2 elements:
        1) <nav class="fixed top-0 left-0 right-0 z-50 transition-all duration-300 bg-card">â€¦</nav> aka getByRole('navigation').filter({ hasText: 'DDoofHomeSearchTrendingListsSign inRegisterOpen main menu' })
        2) <nav class="space-y-2">â€¦</nav> aka getByText('HomeBrowse ListsSearch')

    Call log:
        - checking visibility of locator('nav')


      47 |     
      48 |     // Check for navigation elements - use actual navbar structure
    > 49 |     const hasNavigation = await page.locator('nav').isVisible();
         |                                                     ^
      50 |     expect(hasNavigation).toBe(true);
      51 |     
      52 |     console.log('âœ“ Application loaded successfully');
        at /Users/naf/Downloads/doof/e2e/core-flows.spec.js:49:53

    attachment #1: screenshot (image/png) â”€â”€â”€â”€â”€â”€â”€â”€â”€â”€â”€â”€â”€â”€â”€â”€â”€â”€â”€â”€â”€â”€â”€â”€â”€â”€â”€â”€â”€â”€â”€â”€â”€â”€â”€â”€â”€â”€â”€â”€â”€â”€â”€â”€â”€â”€â”€â”€â”€â”€â”€â”€â”€â”€â”€â”€â”€â”€
    e2e-results/test-artifacts/core-flows-DOOF-Core-User--4b86b-ad-the-application-homepage-chromium/test-failed-1.png
    â”€â”€â”€â”€â”€â”€â”€â”€â”€â”€â”€â”€â”€â”€â”€â”€â”€â”€â”€â”€â”€â”€â”€â”€â”€â”€â”€â”€â”€â”€â”€â”€â”€â”€â”€â”€â”€â”€â”€â”€â”€â”€â”€â”€â”€â”€â”€â”€â”€â”€â”€â”€â”€â”€â”€â”€â”€â”€â”€â”€â”€â”€â”€â”€â”€â”€â”€â”€â”€â”€â”€â”€â”€â”€â”€â”€â”€â”€â”€â”€â”€â”€â”€â”€â”€â”€â”€â”€â”€â”€â”€â”€â”€â”€â”€â”€

    attachment #2: video (video/webm) â”€â”€â”€â”€â”€â”€â”€â”€â”€â”€â”€â”€â”€â”€â”€â”€â”€â”€â”€â”€â”€â”€â”€â”€â”€â”€â”€â”€â”€â”€â”€â”€â”€â”€â”€â”€â”€â”€â”€â”€â”€â”€â”€â”€â”€â”€â”€â”€â”€â”€â”€â”€â”€â”€â”€â”€â”€â”€â”€â”€â”€â”€
    e2e-results/test-artifacts/core-flows-DOOF-Core-User--4b86b-ad-the-application-homepage-chromium/video.webm
    â”€â”€â”€â”€â”€â”€â”€â”€â”€â”€â”€â”€â”€â”€â”€â”€â”€â”€â”€â”€â”€â”€â”€â”€â”€â”€â”€â”€â”€â”€â”€â”€â”€â”€â”€â”€â”€â”€â”€â”€â”€â”€â”€â”€â”€â”€â”€â”€â”€â”€â”€â”€â”€â”€â”€â”€â”€â”€â”€â”€â”€â”€â”€â”€â”€â”€â”€â”€â”€â”€â”€â”€â”€â”€â”€â”€â”€â”€â”€â”€â”€â”€â”€â”€â”€â”€â”€â”€â”€â”€â”€â”€â”€â”€â”€â”€

    Error Context: ../e2e-results/test-artifacts/core-flows-DOOF-Core-User--4b86b-ad-the-application-homepage-chromium/error-context.md
]]>
</failure>
<system-out>
<![CDATA[ðŸ§¹ Authentication state cleared
ðŸ§ª Testing application loading
ðŸ§¹ Authentication state cleared

[[ATTACHMENT|test-artifacts/core-flows-DOOF-Core-User--4b86b-ad-the-application-homepage-chromium/test-failed-1.png]]

[[ATTACHMENT|test-artifacts/core-flows-DOOF-Core-User--4b86b-ad-the-application-homepage-chromium/video.webm]]

[[ATTACHMENT|test-artifacts/core-flows-DOOF-Core-User--4b86b-ad-the-application-homepage-chromium/error-context.md]]
]]>
</system-out>
</testcase>
<testcase name="DOOF Core User Flows â€º should navigate through main pages" classname="core-flows.spec.js" time="1.167">
<system-out>
<![CDATA[ðŸ§¹ Authentication state cleared
ðŸ§ª Testing navigation
âœ“ Trending page accessible
âœ“ Navigation completed successfully
ðŸ§¹ Authentication state cleared
]]>
</system-out>
</testcase>
<testcase name="DOOF Core User Flows â€º should login successfully" classname="core-flows.spec.js" time="3.135">
<system-out>
<![CDATA[ðŸ§¹ Authentication state cleared
ðŸ§ª Testing login flow
Current URL after login attempt: http://localhost:5174/login
â„¹ï¸ Still on login page - may be normal behavior
âœ“ Login flow completed
ðŸ§¹ Authentication state cleared
]]>
</system-out>
</testcase>
<testcase name="DOOF Core User Flows â€º should connect to backend APIs" classname="core-flows.spec.js" time="1.143">
<system-out>
<![CDATA[ðŸ§¹ Authentication state cleared
ðŸ§ª Testing backend API connectivity
âœ“ Backend API connectivity verified
ðŸ§¹ Authentication state cleared
]]>
</system-out>
<system-err>
<![CDATA[âš ï¸ Auth API test failed: [2mexpect([22m[31mreceived[39m[2m).[22mtoBeDefined[2m()[22m

Received: [31mundefined[39m
]]>
</system-err>
</testcase>
<testcase name="DOOF Core User Flows â€º should logout successfully" classname="core-flows.spec.js" time="16.416">
<failure message="core-flows.spec.js:165:3 should logout successfully" type="FAILURE">
<![CDATA[  [chromium] â€º core-flows.spec.js:165:3 â€º DOOF Core User Flows â€º should logout successfully â”€â”€â”€â”€â”€â”€â”€â”€

    TimeoutError: page.fill: Timeout 15000ms exceeded.
    Call log:
      - waiting for locator('input[name="email"], input[type="email"]')


      168 |     // First, navigate to login and login manually
      169 |     await page.goto('/login');
    > 170 |     await page.fill('input[name="email"], input[type="email"]', CONFIG.EXISTING_USER.email);
          |                ^
      171 |     await page.fill('input[name="password"], input[type="password"]', CONFIG.EXISTING_USER.password);
      172 |     await page.click('button[type="submit"], button:has-text("Login"), button:has-text("Sign In")');
      173 |     await page.waitForTimeout(2000);
        at /Users/naf/Downloads/doof/e2e/core-flows.spec.js:170:16

    attachment #1: screenshot (image/png) â”€â”€â”€â”€â”€â”€â”€â”€â”€â”€â”€â”€â”€â”€â”€â”€â”€â”€â”€â”€â”€â”€â”€â”€â”€â”€â”€â”€â”€â”€â”€â”€â”€â”€â”€â”€â”€â”€â”€â”€â”€â”€â”€â”€â”€â”€â”€â”€â”€â”€â”€â”€â”€â”€â”€â”€â”€â”€
    e2e-results/test-artifacts/core-flows-DOOF-Core-User-Flows-should-logout-successfully-chromium/test-failed-1.png
    â”€â”€â”€â”€â”€â”€â”€â”€â”€â”€â”€â”€â”€â”€â”€â”€â”€â”€â”€â”€â”€â”€â”€â”€â”€â”€â”€â”€â”€â”€â”€â”€â”€â”€â”€â”€â”€â”€â”€â”€â”€â”€â”€â”€â”€â”€â”€â”€â”€â”€â”€â”€â”€â”€â”€â”€â”€â”€â”€â”€â”€â”€â”€â”€â”€â”€â”€â”€â”€â”€â”€â”€â”€â”€â”€â”€â”€â”€â”€â”€â”€â”€â”€â”€â”€â”€â”€â”€â”€â”€â”€â”€â”€â”€â”€â”€

    attachment #2: video (video/webm) â”€â”€â”€â”€â”€â”€â”€â”€â”€â”€â”€â”€â”€â”€â”€â”€â”€â”€â”€â”€â”€â”€â”€â”€â”€â”€â”€â”€â”€â”€â”€â”€â”€â”€â”€â”€â”€â”€â”€â”€â”€â”€â”€â”€â”€â”€â”€â”€â”€â”€â”€â”€â”€â”€â”€â”€â”€â”€â”€â”€â”€â”€
    e2e-results/test-artifacts/core-flows-DOOF-Core-User-Flows-should-logout-successfully-chromium/video.webm
    â”€â”€â”€â”€â”€â”€â”€â”€â”€â”€â”€â”€â”€â”€â”€â”€â”€â”€â”€â”€â”€â”€â”€â”€â”€â”€â”€â”€â”€â”€â”€â”€â”€â”€â”€â”€â”€â”€â”€â”€â”€â”€â”€â”€â”€â”€â”€â”€â”€â”€â”€â”€â”€â”€â”€â”€â”€â”€â”€â”€â”€â”€â”€â”€â”€â”€â”€â”€â”€â”€â”€â”€â”€â”€â”€â”€â”€â”€â”€â”€â”€â”€â”€â”€â”€â”€â”€â”€â”€â”€â”€â”€â”€â”€â”€â”€

    Error Context: ../e2e-results/test-artifacts/core-flows-DOOF-Core-User-Flows-should-logout-successfully-chromium/error-context.md
]]>
</failure>
<system-out>
<![CDATA[ðŸ§¹ Authentication state cleared
ðŸ§ª Testing logout flow
ðŸ§¹ Authentication state cleared

[[ATTACHMENT|test-artifacts/core-flows-DOOF-Core-User-Flows-should-logout-successfully-chromium/test-failed-1.png]]

[[ATTACHMENT|test-artifacts/core-flows-DOOF-Core-User-Flows-should-logout-successfully-chromium/video.webm]]

[[ATTACHMENT|test-artifacts/core-flows-DOOF-Core-User-Flows-should-logout-successfully-chromium/error-context.md]]
]]>
</system-out>
</testcase>
<testcase name="DOOF Core User Flows â€º should handle search functionality" classname="core-flows.spec.js" time="1.076">
<system-out>
<![CDATA[ðŸ§¹ Authentication state cleared
ðŸ§ª Testing search functionality
âœ“ Search navigation successful
âœ“ Search functionality tested
ðŸ§¹ Authentication state cleared
]]>
</system-out>
</testcase>
<testcase name="DOOF Core User Flows â€º should handle protected routes correctly" classname="core-flows.spec.js" time="1.638">
<system-out>
<![CDATA[ðŸ§¹ Authentication state cleared
ðŸ§ª Testing protected route access
â„¹ï¸ Protected route may be accessible without auth or route may not exist
âœ“ Protected route access tested
ðŸ§¹ Authentication state cleared
]]>
</system-out>
</testcase>
</testsuite>
<testsuite name="core-flows.spec.js" timestamp="2025-05-31T17:03:55.597Z" hostname="firefox" tests="7" failures="2" skipped="0" time="29.889" errors="0">
<testcase name="DOOF Core User Flows â€º should load the application homepage" classname="core-flows.spec.js" time="2.123">
<failure message="core-flows.spec.js:38:3 should load the application homepage" type="FAILURE">
<![CDATA[  [firefox] â€º core-flows.spec.js:38:3 â€º DOOF Core User Flows â€º should load the application homepage 

    Error: locator.isVisible: Error: strict mode violation: locator('nav') resolved to 2 elements:
        1) <nav class="fixed top-0 left-0 right-0 z-50 transition-all duration-300 bg-card">â€¦</nav> aka getByRole('navigation').filter({ hasText: 'DDoofHomeSearchTrendingListsSign inRegisterOpen main menu' })
        2) <nav class="space-y-2">â€¦</nav> aka getByText('HomeBrowse ListsSearch')

    Call log:
        - checking visibility of locator('nav')


      47 |     
      48 |     // Check for navigation elements - use actual navbar structure
    > 49 |     const hasNavigation = await page.locator('nav').isVisible();
         |                                                     ^
      50 |     expect(hasNavigation).toBe(true);
      51 |     
      52 |     console.log('âœ“ Application loaded successfully');
        at /Users/naf/Downloads/doof/e2e/core-flows.spec.js:49:53

    attachment #1: screenshot (image/png) â”€â”€â”€â”€â”€â”€â”€â”€â”€â”€â”€â”€â”€â”€â”€â”€â”€â”€â”€â”€â”€â”€â”€â”€â”€â”€â”€â”€â”€â”€â”€â”€â”€â”€â”€â”€â”€â”€â”€â”€â”€â”€â”€â”€â”€â”€â”€â”€â”€â”€â”€â”€â”€â”€â”€â”€â”€â”€
    e2e-results/test-artifacts/core-flows-DOOF-Core-User--4b86b-ad-the-application-homepage-firefox/test-failed-1.png
    â”€â”€â”€â”€â”€â”€â”€â”€â”€â”€â”€â”€â”€â”€â”€â”€â”€â”€â”€â”€â”€â”€â”€â”€â”€â”€â”€â”€â”€â”€â”€â”€â”€â”€â”€â”€â”€â”€â”€â”€â”€â”€â”€â”€â”€â”€â”€â”€â”€â”€â”€â”€â”€â”€â”€â”€â”€â”€â”€â”€â”€â”€â”€â”€â”€â”€â”€â”€â”€â”€â”€â”€â”€â”€â”€â”€â”€â”€â”€â”€â”€â”€â”€â”€â”€â”€â”€â”€â”€â”€â”€â”€â”€â”€â”€â”€

    attachment #2: video (video/webm) â”€â”€â”€â”€â”€â”€â”€â”€â”€â”€â”€â”€â”€â”€â”€â”€â”€â”€â”€â”€â”€â”€â”€â”€â”€â”€â”€â”€â”€â”€â”€â”€â”€â”€â”€â”€â”€â”€â”€â”€â”€â”€â”€â”€â”€â”€â”€â”€â”€â”€â”€â”€â”€â”€â”€â”€â”€â”€â”€â”€â”€â”€
    e2e-results/test-artifacts/core-flows-DOOF-Core-User--4b86b-ad-the-application-homepage-firefox/video.webm
    â”€â”€â”€â”€â”€â”€â”€â”€â”€â”€â”€â”€â”€â”€â”€â”€â”€â”€â”€â”€â”€â”€â”€â”€â”€â”€â”€â”€â”€â”€â”€â”€â”€â”€â”€â”€â”€â”€â”€â”€â”€â”€â”€â”€â”€â”€â”€â”€â”€â”€â”€â”€â”€â”€â”€â”€â”€â”€â”€â”€â”€â”€â”€â”€â”€â”€â”€â”€â”€â”€â”€â”€â”€â”€â”€â”€â”€â”€â”€â”€â”€â”€â”€â”€â”€â”€â”€â”€â”€â”€â”€â”€â”€â”€â”€â”€

    Error Context: ../e2e-results/test-artifacts/core-flows-DOOF-Core-User--4b86b-ad-the-application-homepage-firefox/error-context.md
]]>
</failure>
<system-out>
<![CDATA[ðŸ§¹ Authentication state cleared
ðŸ§ª Testing application loading
ðŸ§¹ Authentication state cleared

[[ATTACHMENT|test-artifacts/core-flows-DOOF-Core-User--4b86b-ad-the-application-homepage-firefox/test-failed-1.png]]

[[ATTACHMENT|test-artifacts/core-flows-DOOF-Core-User--4b86b-ad-the-application-homepage-firefox/video.webm]]

[[ATTACHMENT|test-artifacts/core-flows-DOOF-Core-User--4b86b-ad-the-application-homepage-firefox/error-context.md]]
]]>
</system-out>
</testcase>
<testcase name="DOOF Core User Flows â€º should navigate through main pages" classname="core-flows.spec.js" time="1.759">
<system-out>
<![CDATA[ðŸ§¹ Authentication state cleared
ðŸ§ª Testing navigation
âœ“ Trending page accessible
âœ“ Navigation completed successfully
ðŸ§¹ Authentication state cleared
]]>
</system-out>
</testcase>
<testcase name="DOOF Core User Flows â€º should login successfully" classname="core-flows.spec.js" time="3.649">
<system-out>
<![CDATA[ðŸ§¹ Authentication state cleared
ðŸ§ª Testing login flow
Current URL after login attempt: http://localhost:5174/login
â„¹ï¸ Still on login page - may be normal behavior
âœ“ Login flow completed
ðŸ§¹ Authentication state cleared
]]>
</system-out>
</testcase>
<testcase name="DOOF Core User Flows â€º should connect to backend APIs" classname="core-flows.spec.js" time="1.188">
<system-out>
<![CDATA[ðŸ§¹ Authentication state cleared
ðŸ§ª Testing backend API connectivity
âœ“ Backend API connectivity verified
ðŸ§¹ Authentication state cleared
]]>
</system-out>
<system-err>
<![CDATA[âš ï¸ Auth API test failed: [2mexpect([22m[31mreceived[39m[2m).[22mtoBeDefined[2m()[22m

Received: [31mundefined[39m
]]>
</system-err>
</testcase>
<testcase name="DOOF Core User Flows â€º should logout successfully" classname="core-flows.spec.js" time="16.731">
<failure message="core-flows.spec.js:165:3 should logout successfully" type="FAILURE">
<![CDATA[  [firefox] â€º core-flows.spec.js:165:3 â€º DOOF Core User Flows â€º should logout successfully â”€â”€â”€â”€â”€â”€â”€â”€â”€

    TimeoutError: page.fill: Timeout 15000ms exceeded.
    Call log:
      - waiting for locator('input[name="email"], input[type="email"]')


      168 |     // First, navigate to login and login manually
      169 |     await page.goto('/login');
    > 170 |     await page.fill('input[name="email"], input[type="email"]', CONFIG.EXISTING_USER.email);
          |                ^
      171 |     await page.fill('input[name="password"], input[type="password"]', CONFIG.EXISTING_USER.password);
      172 |     await page.click('button[type="submit"], button:has-text("Login"), button:has-text("Sign In")');
      173 |     await page.waitForTimeout(2000);
        at /Users/naf/Downloads/doof/e2e/core-flows.spec.js:170:16

    attachment #1: screenshot (image/png) â”€â”€â”€â”€â”€â”€â”€â”€â”€â”€â”€â”€â”€â”€â”€â”€â”€â”€â”€â”€â”€â”€â”€â”€â”€â”€â”€â”€â”€â”€â”€â”€â”€â”€â”€â”€â”€â”€â”€â”€â”€â”€â”€â”€â”€â”€â”€â”€â”€â”€â”€â”€â”€â”€â”€â”€â”€â”€
    e2e-results/test-artifacts/core-flows-DOOF-Core-User-Flows-should-logout-successfully-firefox/test-failed-1.png
    â”€â”€â”€â”€â”€â”€â”€â”€â”€â”€â”€â”€â”€â”€â”€â”€â”€â”€â”€â”€â”€â”€â”€â”€â”€â”€â”€â”€â”€â”€â”€â”€â”€â”€â”€â”€â”€â”€â”€â”€â”€â”€â”€â”€â”€â”€â”€â”€â”€â”€â”€â”€â”€â”€â”€â”€â”€â”€â”€â”€â”€â”€â”€â”€â”€â”€â”€â”€â”€â”€â”€â”€â”€â”€â”€â”€â”€â”€â”€â”€â”€â”€â”€â”€â”€â”€â”€â”€â”€â”€â”€â”€â”€â”€â”€â”€

    attachment #2: video (video/webm) â”€â”€â”€â”€â”€â”€â”€â”€â”€â”€â”€â”€â”€â”€â”€â”€â”€â”€â”€â”€â”€â”€â”€â”€â”€â”€â”€â”€â”€â”€â”€â”€â”€â”€â”€â”€â”€â”€â”€â”€â”€â”€â”€â”€â”€â”€â”€â”€â”€â”€â”€â”€â”€â”€â”€â”€â”€â”€â”€â”€â”€â”€
    e2e-results/test-artifacts/core-flows-DOOF-Core-User-Flows-should-logout-successfully-firefox/video.webm
    â”€â”€â”€â”€â”€â”€â”€â”€â”€â”€â”€â”€â”€â”€â”€â”€â”€â”€â”€â”€â”€â”€â”€â”€â”€â”€â”€â”€â”€â”€â”€â”€â”€â”€â”€â”€â”€â”€â”€â”€â”€â”€â”€â”€â”€â”€â”€â”€â”€â”€â”€â”€â”€â”€â”€â”€â”€â”€â”€â”€â”€â”€â”€â”€â”€â”€â”€â”€â”€â”€â”€â”€â”€â”€â”€â”€â”€â”€â”€â”€â”€â”€â”€â”€â”€â”€â”€â”€â”€â”€â”€â”€â”€â”€â”€â”€

    Error Context: ../e2e-results/test-artifacts/core-flows-DOOF-Core-User-Flows-should-logout-successfully-firefox/error-context.md
]]>
</failure>
<system-out>
<![CDATA[ðŸ§¹ Authentication state cleared
ðŸ§ª Testing logout flow
ðŸ§¹ Authentication state cleared

[[ATTACHMENT|test-artifacts/core-flows-DOOF-Core-User-Flows-should-logout-successfully-firefox/test-failed-1.png]]

[[ATTACHMENT|test-artifacts/core-flows-DOOF-Core-User-Flows-should-logout-successfully-firefox/video.webm]]

[[ATTACHMENT|test-artifacts/core-flows-DOOF-Core-User-Flows-should-logout-successfully-firefox/error-context.md]]
]]>
</system-out>
</testcase>
<testcase name="DOOF Core User Flows â€º should handle search functionality" classname="core-flows.spec.js" time="1.986">
<system-out>
<![CDATA[ðŸ§¹ Authentication state cleared
ðŸ§ª Testing search functionality
âœ“ Search navigation successful
âœ“ Search functionality tested
ðŸ§¹ Authentication state cleared
]]>
</system-out>
</testcase>
<testcase name="DOOF Core User Flows â€º should handle protected routes correctly" classname="core-flows.spec.js" time="2.453">
<system-out>
<![CDATA[ðŸ§¹ Authentication state cleared
ðŸ§ª Testing protected route access
â„¹ï¸ Protected route may be accessible without auth or route may not exist
âœ“ Protected route access tested
ðŸ§¹ Authentication state cleared
]]>
</system-out>
</testcase>
</testsuite>
<testsuite name="core-flows.spec.js" timestamp="2025-05-31T17:03:55.597Z" hostname="webkit" tests="7" failures="2" skipped="0" time="27.625" errors="0">
<testcase name="DOOF Core User Flows â€º should load the application homepage" classname="core-flows.spec.js" time="1.682">
<failure message="core-flows.spec.js:38:3 should load the application homepage" type="FAILURE">
<![CDATA[  [webkit] â€º core-flows.spec.js:38:3 â€º DOOF Core User Flows â€º should load the application homepage â”€

    Error: locator.isVisible: Error: strict mode violation: locator('nav') resolved to 2 elements:
        1) <nav class="fixed top-0 left-0 right-0 z-50 transition-all duration-300 bg-card">â€¦</nav> aka getByRole('navigation').filter({ hasText: 'DDoofHomeSearchTrendingListsSign inRegisterOpen main menu' })
        2) <nav class="space-y-2">â€¦</nav> aka getByText('HomeBrowse ListsSearch')

    Call log:
        - checking visibility of locator('nav')


      47 |     
      48 |     // Check for navigation elements - use actual navbar structure
    > 49 |     const hasNavigation = await page.locator('nav').isVisible();
         |                                                     ^
      50 |     expect(hasNavigation).toBe(true);
      51 |     
      52 |     console.log('âœ“ Application loaded successfully');
        at /Users/naf/Downloads/doof/e2e/core-flows.spec.js:49:53

    attachment #1: screenshot (image/png) â”€â”€â”€â”€â”€â”€â”€â”€â”€â”€â”€â”€â”€â”€â”€â”€â”€â”€â”€â”€â”€â”€â”€â”€â”€â”€â”€â”€â”€â”€â”€â”€â”€â”€â”€â”€â”€â”€â”€â”€â”€â”€â”€â”€â”€â”€â”€â”€â”€â”€â”€â”€â”€â”€â”€â”€â”€â”€
    e2e-results/test-artifacts/core-flows-DOOF-Core-User--4b86b-ad-the-application-homepage-webkit/test-failed-1.png
    â”€â”€â”€â”€â”€â”€â”€â”€â”€â”€â”€â”€â”€â”€â”€â”€â”€â”€â”€â”€â”€â”€â”€â”€â”€â”€â”€â”€â”€â”€â”€â”€â”€â”€â”€â”€â”€â”€â”€â”€â”€â”€â”€â”€â”€â”€â”€â”€â”€â”€â”€â”€â”€â”€â”€â”€â”€â”€â”€â”€â”€â”€â”€â”€â”€â”€â”€â”€â”€â”€â”€â”€â”€â”€â”€â”€â”€â”€â”€â”€â”€â”€â”€â”€â”€â”€â”€â”€â”€â”€â”€â”€â”€â”€â”€â”€

    attachment #2: video (video/webm) â”€â”€â”€â”€â”€â”€â”€â”€â”€â”€â”€â”€â”€â”€â”€â”€â”€â”€â”€â”€â”€â”€â”€â”€â”€â”€â”€â”€â”€â”€â”€â”€â”€â”€â”€â”€â”€â”€â”€â”€â”€â”€â”€â”€â”€â”€â”€â”€â”€â”€â”€â”€â”€â”€â”€â”€â”€â”€â”€â”€â”€â”€
    e2e-results/test-artifacts/core-flows-DOOF-Core-User--4b86b-ad-the-application-homepage-webkit/video.webm
    â”€â”€â”€â”€â”€â”€â”€â”€â”€â”€â”€â”€â”€â”€â”€â”€â”€â”€â”€â”€â”€â”€â”€â”€â”€â”€â”€â”€â”€â”€â”€â”€â”€â”€â”€â”€â”€â”€â”€â”€â”€â”€â”€â”€â”€â”€â”€â”€â”€â”€â”€â”€â”€â”€â”€â”€â”€â”€â”€â”€â”€â”€â”€â”€â”€â”€â”€â”€â”€â”€â”€â”€â”€â”€â”€â”€â”€â”€â”€â”€â”€â”€â”€â”€â”€â”€â”€â”€â”€â”€â”€â”€â”€â”€â”€â”€

    Error Context: ../e2e-results/test-artifacts/core-flows-DOOF-Core-User--4b86b-ad-the-application-homepage-webkit/error-context.md
]]>
</failure>
<system-out>
<![CDATA[ðŸ§¹ Authentication state cleared
ðŸ§ª Testing application loading
ðŸ§¹ Authentication state cleared

[[ATTACHMENT|test-artifacts/core-flows-DOOF-Core-User--4b86b-ad-the-application-homepage-webkit/test-failed-1.png]]

[[ATTACHMENT|test-artifacts/core-flows-DOOF-Core-User--4b86b-ad-the-application-homepage-webkit/video.webm]]

[[ATTACHMENT|test-artifacts/core-flows-DOOF-Core-User--4b86b-ad-the-application-homepage-webkit/error-context.md]]
]]>
</system-out>
</testcase>
<testcase name="DOOF Core User Flows â€º should navigate through main pages" classname="core-flows.spec.js" time="1.756">
<system-out>
<![CDATA[ðŸ§¹ Authentication state cleared
ðŸ§ª Testing navigation
âœ“ Trending page accessible
âœ“ Navigation completed successfully
ðŸ§¹ Authentication state cleared
]]>
</system-out>
</testcase>
<testcase name="DOOF Core User Flows â€º should login successfully" classname="core-flows.spec.js" time="3.28">
<system-out>
<![CDATA[ðŸ§¹ Authentication state cleared
ðŸ§ª Testing login flow
Current URL after login attempt: http://localhost:5174/login
â„¹ï¸ Still on login page - may be normal behavior
âœ“ Login flow completed
ðŸ§¹ Authentication state cleared
]]>
</system-out>
</testcase>
<testcase name="DOOF Core User Flows â€º should connect to backend APIs" classname="core-flows.spec.js" time="1.396">
<system-out>
<![CDATA[ðŸ§¹ Authentication state cleared
ðŸ§ª Testing backend API connectivity
âœ“ Backend API connectivity verified
ðŸ§¹ Authentication state cleared
]]>
</system-out>
<system-err>
<![CDATA[âš ï¸ Auth API test failed: [2mexpect([22m[31mreceived[39m[2m).[22mtoBeDefined[2m()[22m

Received: [31mundefined[39m
]]>
</system-err>
</testcase>
<testcase name="DOOF Core User Flows â€º should logout successfully" classname="core-flows.spec.js" time="16.29">
<failure message="core-flows.spec.js:165:3 should logout successfully" type="FAILURE">
<![CDATA[  [webkit] â€º core-flows.spec.js:165:3 â€º DOOF Core User Flows â€º should logout successfully â”€â”€â”€â”€â”€â”€â”€â”€â”€â”€

    TimeoutError: page.fill: Timeout 15000ms exceeded.
    Call log:
      - waiting for locator('input[name="email"], input[type="email"]')
        - locator resolved to <input id="email" type="email" name="email" aria-invalid="false" autocomplete="email" data-testid="email-input" placeholder="you@example.com" class="block w-full px-3 py-2 border border-gray-300 rounded-md shadow-sm placeholder-gray-400 focus:outline-none focus:ring-1 focus:ring-[#D1B399] focus:border-[#D1B399] sm:text-sm disabled:opacity-60 disabled:bg-gray-50  bg-input text-foreground border-border"/>
        - fill("admin@example.com")
      - attempting fill action
        - waiting for element to be visible, enabled and editable
      - element was detached from the DOM, retrying


      168 |     // First, navigate to login and login manually
      169 |     await page.goto('/login');
    > 170 |     await page.fill('input[name="email"], input[type="email"]', CONFIG.EXISTING_USER.email);
          |                ^
      171 |     await page.fill('input[name="password"], input[type="password"]', CONFIG.EXISTING_USER.password);
      172 |     await page.click('button[type="submit"], button:has-text("Login"), button:has-text("Sign In")');
      173 |     await page.waitForTimeout(2000);
        at /Users/naf/Downloads/doof/e2e/core-flows.spec.js:170:16

    attachment #1: screenshot (image/png) â”€â”€â”€â”€â”€â”€â”€â”€â”€â”€â”€â”€â”€â”€â”€â”€â”€â”€â”€â”€â”€â”€â”€â”€â”€â”€â”€â”€â”€â”€â”€â”€â”€â”€â”€â”€â”€â”€â”€â”€â”€â”€â”€â”€â”€â”€â”€â”€â”€â”€â”€â”€â”€â”€â”€â”€â”€â”€
    e2e-results/test-artifacts/core-flows-DOOF-Core-User-Flows-should-logout-successfully-webkit/test-failed-1.png
    â”€â”€â”€â”€â”€â”€â”€â”€â”€â”€â”€â”€â”€â”€â”€â”€â”€â”€â”€â”€â”€â”€â”€â”€â”€â”€â”€â”€â”€â”€â”€â”€â”€â”€â”€â”€â”€â”€â”€â”€â”€â”€â”€â”€â”€â”€â”€â”€â”€â”€â”€â”€â”€â”€â”€â”€â”€â”€â”€â”€â”€â”€â”€â”€â”€â”€â”€â”€â”€â”€â”€â”€â”€â”€â”€â”€â”€â”€â”€â”€â”€â”€â”€â”€â”€â”€â”€â”€â”€â”€â”€â”€â”€â”€â”€â”€

    attachment #2: video (video/webm) â”€â”€â”€â”€â”€â”€â”€â”€â”€â”€â”€â”€â”€â”€â”€â”€â”€â”€â”€â”€â”€â”€â”€â”€â”€â”€â”€â”€â”€â”€â”€â”€â”€â”€â”€â”€â”€â”€â”€â”€â”€â”€â”€â”€â”€â”€â”€â”€â”€â”€â”€â”€â”€â”€â”€â”€â”€â”€â”€â”€â”€â”€
    e2e-results/test-artifacts/core-flows-DOOF-Core-User-Flows-should-logout-successfully-webkit/video.webm
    â”€â”€â”€â”€â”€â”€â”€â”€â”€â”€â”€â”€â”€â”€â”€â”€â”€â”€â”€â”€â”€â”€â”€â”€â”€â”€â”€â”€â”€â”€â”€â”€â”€â”€â”€â”€â”€â”€â”€â”€â”€â”€â”€â”€â”€â”€â”€â”€â”€â”€â”€â”€â”€â”€â”€â”€â”€â”€â”€â”€â”€â”€â”€â”€â”€â”€â”€â”€â”€â”€â”€â”€â”€â”€â”€â”€â”€â”€â”€â”€â”€â”€â”€â”€â”€â”€â”€â”€â”€â”€â”€â”€â”€â”€â”€â”€

    Error Context: ../e2e-results/test-artifacts/core-flows-DOOF-Core-User-Flows-should-logout-successfully-webkit/error-context.md
]]>
</failure>
<system-out>
<![CDATA[ðŸ§¹ Authentication state cleared
ðŸ§ª Testing logout flow
ðŸ§¹ Authentication state cleared

[[ATTACHMENT|test-artifacts/core-flows-DOOF-Core-User-Flows-should-logout-successfully-webkit/test-failed-1.png]]

[[ATTACHMENT|test-artifacts/core-flows-DOOF-Core-User-Flows-should-logout-successfully-webkit/video.webm]]

[[ATTACHMENT|test-artifacts/core-flows-DOOF-Core-User-Flows-should-logout-successfully-webkit/error-context.md]]
]]>
</system-out>
</testcase>
<testcase name="DOOF Core User Flows â€º should handle search functionality" classname="core-flows.spec.js" time="1.32">
<system-out>
<![CDATA[ðŸ§¹ Authentication state cleared
ðŸ§ª Testing search functionality
âœ“ Search navigation successful
âœ“ Search functionality tested
ðŸ§¹ Authentication state cleared
]]>
</system-out>
</testcase>
<testcase name="DOOF Core User Flows â€º should handle protected routes correctly" classname="core-flows.spec.js" time="1.901">
<system-out>
<![CDATA[ðŸ§¹ Authentication state cleared
ðŸ§ª Testing protected route access
â„¹ï¸ Protected route may be accessible without auth or route may not exist
âœ“ Protected route access tested
ðŸ§¹ Authentication state cleared
]]>
</system-out>
</testcase>
</testsuite>
<testsuite name="core-flows.spec.js" timestamp="2025-05-31T17:03:55.597Z" hostname="Mobile Chrome" tests="7" failures="3" skipped="0" time="41.202" errors="0">
<testcase name="DOOF Core User Flows â€º should load the application homepage" classname="core-flows.spec.js" time="1.125">
<failure message="core-flows.spec.js:38:3 should load the application homepage" type="FAILURE">
<![CDATA[  [Mobile Chrome] â€º core-flows.spec.js:38:3 â€º DOOF Core User Flows â€º should load the application homepage 

    Error: locator.isVisible: Error: strict mode violation: locator('nav') resolved to 2 elements:
        1) <nav class="fixed top-0 left-0 right-0 z-50 transition-all duration-300 bg-card">â€¦</nav> aka getByRole('navigation').filter({ hasText: 'DDoofHomeSearchTrendingListsSign inRegisterOpen main menu' })
        2) <nav class="space-y-2">â€¦</nav> aka getByText('HomeBrowse ListsSearch')

    Call log:
        - checking visibility of locator('nav')


      47 |     
      48 |     // Check for navigation elements - use actual navbar structure
    > 49 |     const hasNavigation = await page.locator('nav').isVisible();
         |                                                     ^
      50 |     expect(hasNavigation).toBe(true);
      51 |     
      52 |     console.log('âœ“ Application loaded successfully');
        at /Users/naf/Downloads/doof/e2e/core-flows.spec.js:49:53

    attachment #1: screenshot (image/png) â”€â”€â”€â”€â”€â”€â”€â”€â”€â”€â”€â”€â”€â”€â”€â”€â”€â”€â”€â”€â”€â”€â”€â”€â”€â”€â”€â”€â”€â”€â”€â”€â”€â”€â”€â”€â”€â”€â”€â”€â”€â”€â”€â”€â”€â”€â”€â”€â”€â”€â”€â”€â”€â”€â”€â”€â”€â”€
    e2e-results/test-artifacts/core-flows-DOOF-Core-User--4b86b-ad-the-application-homepage-Mobile-Chrome/test-failed-1.png
    â”€â”€â”€â”€â”€â”€â”€â”€â”€â”€â”€â”€â”€â”€â”€â”€â”€â”€â”€â”€â”€â”€â”€â”€â”€â”€â”€â”€â”€â”€â”€â”€â”€â”€â”€â”€â”€â”€â”€â”€â”€â”€â”€â”€â”€â”€â”€â”€â”€â”€â”€â”€â”€â”€â”€â”€â”€â”€â”€â”€â”€â”€â”€â”€â”€â”€â”€â”€â”€â”€â”€â”€â”€â”€â”€â”€â”€â”€â”€â”€â”€â”€â”€â”€â”€â”€â”€â”€â”€â”€â”€â”€â”€â”€â”€â”€

    attachment #2: video (video/webm) â”€â”€â”€â”€â”€â”€â”€â”€â”€â”€â”€â”€â”€â”€â”€â”€â”€â”€â”€â”€â”€â”€â”€â”€â”€â”€â”€â”€â”€â”€â”€â”€â”€â”€â”€â”€â”€â”€â”€â”€â”€â”€â”€â”€â”€â”€â”€â”€â”€â”€â”€â”€â”€â”€â”€â”€â”€â”€â”€â”€â”€â”€
    e2e-results/test-artifacts/core-flows-DOOF-Core-User--4b86b-ad-the-application-homepage-Mobile-Chrome/video.webm
    â”€â”€â”€â”€â”€â”€â”€â”€â”€â”€â”€â”€â”€â”€â”€â”€â”€â”€â”€â”€â”€â”€â”€â”€â”€â”€â”€â”€â”€â”€â”€â”€â”€â”€â”€â”€â”€â”€â”€â”€â”€â”€â”€â”€â”€â”€â”€â”€â”€â”€â”€â”€â”€â”€â”€â”€â”€â”€â”€â”€â”€â”€â”€â”€â”€â”€â”€â”€â”€â”€â”€â”€â”€â”€â”€â”€â”€â”€â”€â”€â”€â”€â”€â”€â”€â”€â”€â”€â”€â”€â”€â”€â”€â”€â”€â”€

    Error Context: ../e2e-results/test-artifacts/core-flows-DOOF-Core-User--4b86b-ad-the-application-homepage-Mobile-Chrome/error-context.md
]]>
</failure>
<system-out>
<![CDATA[ðŸ§¹ Authentication state cleared
ðŸ§ª Testing application loading
ðŸ§¹ Authentication state cleared

[[ATTACHMENT|test-artifacts/core-flows-DOOF-Core-User--4b86b-ad-the-application-homepage-Mobile-Chrome/test-failed-1.png]]

[[ATTACHMENT|test-artifacts/core-flows-DOOF-Core-User--4b86b-ad-the-application-homepage-Mobile-Chrome/video.webm]]

[[ATTACHMENT|test-artifacts/core-flows-DOOF-Core-User--4b86b-ad-the-application-homepage-Mobile-Chrome/error-context.md]]
]]>
</system-out>
</testcase>
<testcase name="DOOF Core User Flows â€º should navigate through main pages" classname="core-flows.spec.js" time="16.563">
<failure message="core-flows.spec.js:59:3 should navigate through main pages" type="FAILURE">
<![CDATA[  [Mobile Chrome] â€º core-flows.spec.js:59:3 â€º DOOF Core User Flows â€º should navigate through main pages 

    TimeoutError: page.click: Timeout 15000ms exceeded.
    Call log:
      - waiting for locator('text=Home')
        - locator resolved to 2 elements. Proceeding with the first one: <a href="/" class="px-3 py-2 text-sm font-medium rounded-md text-primary bg-primary/10">Home</a>
      - attempting click action
        2 Ã— waiting for element to be visible, enabled and stable
          - element is not visible
        - retrying click action
        - waiting 20ms
        2 Ã— waiting for element to be visible, enabled and stable
          - element is not visible
        - retrying click action
          - waiting 100ms
        29 Ã— waiting for element to be visible, enabled and stable
           - element is not visible
         - retrying click action
           - waiting 500ms


      61 |     
      62 |     // Test Home navigation - match actual link text
    > 63 |     await page.click('text=Home');
         |                ^
      64 |     await page.waitForLoadState('networkidle');
      65 |     expect(page.url()).toContain('/');
      66 |     
        at /Users/naf/Downloads/doof/e2e/core-flows.spec.js:63:16

    attachment #1: screenshot (image/png) â”€â”€â”€â”€â”€â”€â”€â”€â”€â”€â”€â”€â”€â”€â”€â”€â”€â”€â”€â”€â”€â”€â”€â”€â”€â”€â”€â”€â”€â”€â”€â”€â”€â”€â”€â”€â”€â”€â”€â”€â”€â”€â”€â”€â”€â”€â”€â”€â”€â”€â”€â”€â”€â”€â”€â”€â”€â”€
    e2e-results/test-artifacts/core-flows-DOOF-Core-User--37f7b-navigate-through-main-pages-Mobile-Chrome/test-failed-1.png
    â”€â”€â”€â”€â”€â”€â”€â”€â”€â”€â”€â”€â”€â”€â”€â”€â”€â”€â”€â”€â”€â”€â”€â”€â”€â”€â”€â”€â”€â”€â”€â”€â”€â”€â”€â”€â”€â”€â”€â”€â”€â”€â”€â”€â”€â”€â”€â”€â”€â”€â”€â”€â”€â”€â”€â”€â”€â”€â”€â”€â”€â”€â”€â”€â”€â”€â”€â”€â”€â”€â”€â”€â”€â”€â”€â”€â”€â”€â”€â”€â”€â”€â”€â”€â”€â”€â”€â”€â”€â”€â”€â”€â”€â”€â”€â”€

    attachment #2: video (video/webm) â”€â”€â”€â”€â”€â”€â”€â”€â”€â”€â”€â”€â”€â”€â”€â”€â”€â”€â”€â”€â”€â”€â”€â”€â”€â”€â”€â”€â”€â”€â”€â”€â”€â”€â”€â”€â”€â”€â”€â”€â”€â”€â”€â”€â”€â”€â”€â”€â”€â”€â”€â”€â”€â”€â”€â”€â”€â”€â”€â”€â”€â”€
    e2e-results/test-artifacts/core-flows-DOOF-Core-User--37f7b-navigate-through-main-pages-Mobile-Chrome/video.webm
    â”€â”€â”€â”€â”€â”€â”€â”€â”€â”€â”€â”€â”€â”€â”€â”€â”€â”€â”€â”€â”€â”€â”€â”€â”€â”€â”€â”€â”€â”€â”€â”€â”€â”€â”€â”€â”€â”€â”€â”€â”€â”€â”€â”€â”€â”€â”€â”€â”€â”€â”€â”€â”€â”€â”€â”€â”€â”€â”€â”€â”€â”€â”€â”€â”€â”€â”€â”€â”€â”€â”€â”€â”€â”€â”€â”€â”€â”€â”€â”€â”€â”€â”€â”€â”€â”€â”€â”€â”€â”€â”€â”€â”€â”€â”€â”€

    Error Context: ../e2e-results/test-artifacts/core-flows-DOOF-Core-User--37f7b-navigate-through-main-pages-Mobile-Chrome/error-context.md
]]>
</failure>
<system-out>
<![CDATA[ðŸ§¹ Authentication state cleared
ðŸ§ª Testing navigation
ðŸ§¹ Authentication state cleared

[[ATTACHMENT|test-artifacts/core-flows-DOOF-Core-User--37f7b-navigate-through-main-pages-Mobile-Chrome/test-failed-1.png]]

[[ATTACHMENT|test-artifacts/core-flows-DOOF-Core-User--37f7b-navigate-through-main-pages-Mobile-Chrome/video.webm]]

[[ATTACHMENT|test-artifacts/core-flows-DOOF-Core-User--37f7b-navigate-through-main-pages-Mobile-Chrome/error-context.md]]
]]>
</system-out>
</testcase>
<testcase name="DOOF Core User Flows â€º should login successfully" classname="core-flows.spec.js" time="3.188">
<system-out>
<![CDATA[ðŸ§¹ Authentication state cleared
ðŸ§ª Testing login flow
Current URL after login attempt: http://localhost:5174/login
â„¹ï¸ Still on login page - may be normal behavior
âœ“ Login flow completed
ðŸ§¹ Authentication state cleared
]]>
</system-out>
</testcase>
<testcase name="DOOF Core User Flows â€º should connect to backend APIs" classname="core-flows.spec.js" time="1.17">
<system-out>
<![CDATA[ðŸ§¹ Authentication state cleared
ðŸ§ª Testing backend API connectivity
âœ“ Backend API connectivity verified
ðŸ§¹ Authentication state cleared
]]>
</system-out>
<system-err>
<![CDATA[âš ï¸ Auth API test failed: [2mexpect([22m[31mreceived[39m[2m).[22mtoBeDefined[2m()[22m

Received: [31mundefined[39m
]]>
</system-err>
</testcase>
<testcase name="DOOF Core User Flows â€º should logout successfully" classname="core-flows.spec.js" time="16.366">
<failure message="core-flows.spec.js:165:3 should logout successfully" type="FAILURE">
<![CDATA[  [Mobile Chrome] â€º core-flows.spec.js:165:3 â€º DOOF Core User Flows â€º should logout successfully â”€â”€â”€

    TimeoutError: page.fill: Timeout 15000ms exceeded.
    Call log:
      - waiting for locator('input[name="email"], input[type="email"]')


      168 |     // First, navigate to login and login manually
      169 |     await page.goto('/login');
    > 170 |     await page.fill('input[name="email"], input[type="email"]', CONFIG.EXISTING_USER.email);
          |                ^
      171 |     await page.fill('input[name="password"], input[type="password"]', CONFIG.EXISTING_USER.password);
      172 |     await page.click('button[type="submit"], button:has-text("Login"), button:has-text("Sign In")');
      173 |     await page.waitForTimeout(2000);
        at /Users/naf/Downloads/doof/e2e/core-flows.spec.js:170:16

    attachment #1: screenshot (image/png) â”€â”€â”€â”€â”€â”€â”€â”€â”€â”€â”€â”€â”€â”€â”€â”€â”€â”€â”€â”€â”€â”€â”€â”€â”€â”€â”€â”€â”€â”€â”€â”€â”€â”€â”€â”€â”€â”€â”€â”€â”€â”€â”€â”€â”€â”€â”€â”€â”€â”€â”€â”€â”€â”€â”€â”€â”€â”€
    e2e-results/test-artifacts/core-flows-DOOF-Core-User-Flows-should-logout-successfully-Mobile-Chrome/test-failed-1.png
    â”€â”€â”€â”€â”€â”€â”€â”€â”€â”€â”€â”€â”€â”€â”€â”€â”€â”€â”€â”€â”€â”€â”€â”€â”€â”€â”€â”€â”€â”€â”€â”€â”€â”€â”€â”€â”€â”€â”€â”€â”€â”€â”€â”€â”€â”€â”€â”€â”€â”€â”€â”€â”€â”€â”€â”€â”€â”€â”€â”€â”€â”€â”€â”€â”€â”€â”€â”€â”€â”€â”€â”€â”€â”€â”€â”€â”€â”€â”€â”€â”€â”€â”€â”€â”€â”€â”€â”€â”€â”€â”€â”€â”€â”€â”€â”€

    attachment #2: video (video/webm) â”€â”€â”€â”€â”€â”€â”€â”€â”€â”€â”€â”€â”€â”€â”€â”€â”€â”€â”€â”€â”€â”€â”€â”€â”€â”€â”€â”€â”€â”€â”€â”€â”€â”€â”€â”€â”€â”€â”€â”€â”€â”€â”€â”€â”€â”€â”€â”€â”€â”€â”€â”€â”€â”€â”€â”€â”€â”€â”€â”€â”€â”€
    e2e-results/test-artifacts/core-flows-DOOF-Core-User-Flows-should-logout-successfully-Mobile-Chrome/video.webm
    â”€â”€â”€â”€â”€â”€â”€â”€â”€â”€â”€â”€â”€â”€â”€â”€â”€â”€â”€â”€â”€â”€â”€â”€â”€â”€â”€â”€â”€â”€â”€â”€â”€â”€â”€â”€â”€â”€â”€â”€â”€â”€â”€â”€â”€â”€â”€â”€â”€â”€â”€â”€â”€â”€â”€â”€â”€â”€â”€â”€â”€â”€â”€â”€â”€â”€â”€â”€â”€â”€â”€â”€â”€â”€â”€â”€â”€â”€â”€â”€â”€â”€â”€â”€â”€â”€â”€â”€â”€â”€â”€â”€â”€â”€â”€â”€

    Error Context: ../e2e-results/test-artifacts/core-flows-DOOF-Core-User-Flows-should-logout-successfully-Mobile-Chrome/error-context.md
]]>
</failure>
<system-out>
<![CDATA[ðŸ§¹ Authentication state cleared
ðŸ§ª Testing logout flow
ðŸ§¹ Authentication state cleared

[[ATTACHMENT|test-artifacts/core-flows-DOOF-Core-User-Flows-should-logout-successfully-Mobile-Chrome/test-failed-1.png]]

[[ATTACHMENT|test-artifacts/core-flows-DOOF-Core-User-Flows-should-logout-successfully-Mobile-Chrome/video.webm]]

[[ATTACHMENT|test-artifacts/core-flows-DOOF-Core-User-Flows-should-logout-successfully-Mobile-Chrome/error-context.md]]
]]>
</system-out>
</testcase>
<testcase name="DOOF Core User Flows â€º should handle search functionality" classname="core-flows.spec.js" time="1.088">
<system-out>
<![CDATA[ðŸ§¹ Authentication state cleared
ðŸ§ª Testing search functionality
âœ“ Search navigation successful
âœ“ Search functionality tested
ðŸ§¹ Authentication state cleared
]]>
</system-out>
</testcase>
<testcase name="DOOF Core User Flows â€º should handle protected routes correctly" classname="core-flows.spec.js" time="1.702">
<system-out>
<![CDATA[ðŸ§¹ Authentication state cleared
ðŸ§ª Testing protected route access
â„¹ï¸ Protected route may be accessible without auth or route may not exist
âœ“ Protected route access tested
ðŸ§¹ Authentication state cleared
]]>
</system-out>
</testcase>
</testsuite>
<testsuite name="core-flows.spec.js" timestamp="2025-05-31T17:03:55.597Z" hostname="Mobile Safari" tests="7" failures="3" skipped="0" time="41.776" errors="0">
<testcase name="DOOF Core User Flows â€º should load the application homepage" classname="core-flows.spec.js" time="1.438">
<failure message="core-flows.spec.js:38:3 should load the application homepage" type="FAILURE">
<![CDATA[  [Mobile Safari] â€º core-flows.spec.js:38:3 â€º DOOF Core User Flows â€º should load the application homepage 

    Error: locator.isVisible: Error: strict mode violation: locator('nav') resolved to 2 elements:
        1) <nav class="fixed top-0 left-0 right-0 z-50 transition-all duration-300 bg-card">â€¦</nav> aka getByRole('navigation').filter({ hasText: 'DDoofHomeSearchTrendingListsSign inRegisterOpen main menu' })
        2) <nav class="space-y-2">â€¦</nav> aka getByText('HomeBrowse ListsSearch')

    Call log:
        - checking visibility of locator('nav')


      47 |     
      48 |     // Check for navigation elements - use actual navbar structure
    > 49 |     const hasNavigation = await page.locator('nav').isVisible();
         |                                                     ^
      50 |     expect(hasNavigation).toBe(true);
      51 |     
      52 |     console.log('âœ“ Application loaded successfully');
        at /Users/naf/Downloads/doof/e2e/core-flows.spec.js:49:53

    attachment #1: screenshot (image/png) â”€â”€â”€â”€â”€â”€â”€â”€â”€â”€â”€â”€â”€â”€â”€â”€â”€â”€â”€â”€â”€â”€â”€â”€â”€â”€â”€â”€â”€â”€â”€â”€â”€â”€â”€â”€â”€â”€â”€â”€â”€â”€â”€â”€â”€â”€â”€â”€â”€â”€â”€â”€â”€â”€â”€â”€â”€â”€
    e2e-results/test-artifacts/core-flows-DOOF-Core-User--4b86b-ad-the-application-homepage-Mobile-Safari/test-failed-1.png
    â”€â”€â”€â”€â”€â”€â”€â”€â”€â”€â”€â”€â”€â”€â”€â”€â”€â”€â”€â”€â”€â”€â”€â”€â”€â”€â”€â”€â”€â”€â”€â”€â”€â”€â”€â”€â”€â”€â”€â”€â”€â”€â”€â”€â”€â”€â”€â”€â”€â”€â”€â”€â”€â”€â”€â”€â”€â”€â”€â”€â”€â”€â”€â”€â”€â”€â”€â”€â”€â”€â”€â”€â”€â”€â”€â”€â”€â”€â”€â”€â”€â”€â”€â”€â”€â”€â”€â”€â”€â”€â”€â”€â”€â”€â”€â”€

    attachment #2: video (video/webm) â”€â”€â”€â”€â”€â”€â”€â”€â”€â”€â”€â”€â”€â”€â”€â”€â”€â”€â”€â”€â”€â”€â”€â”€â”€â”€â”€â”€â”€â”€â”€â”€â”€â”€â”€â”€â”€â”€â”€â”€â”€â”€â”€â”€â”€â”€â”€â”€â”€â”€â”€â”€â”€â”€â”€â”€â”€â”€â”€â”€â”€â”€
    e2e-results/test-artifacts/core-flows-DOOF-Core-User--4b86b-ad-the-application-homepage-Mobile-Safari/video.webm
    â”€â”€â”€â”€â”€â”€â”€â”€â”€â”€â”€â”€â”€â”€â”€â”€â”€â”€â”€â”€â”€â”€â”€â”€â”€â”€â”€â”€â”€â”€â”€â”€â”€â”€â”€â”€â”€â”€â”€â”€â”€â”€â”€â”€â”€â”€â”€â”€â”€â”€â”€â”€â”€â”€â”€â”€â”€â”€â”€â”€â”€â”€â”€â”€â”€â”€â”€â”€â”€â”€â”€â”€â”€â”€â”€â”€â”€â”€â”€â”€â”€â”€â”€â”€â”€â”€â”€â”€â”€â”€â”€â”€â”€â”€â”€â”€

    Error Context: ../e2e-results/test-artifacts/core-flows-DOOF-Core-User--4b86b-ad-the-application-homepage-Mobile-Safari/error-context.md
]]>
</failure>
<system-out>
<![CDATA[ðŸ§¹ Authentication state cleared
ðŸ§ª Testing application loading
ðŸ§¹ Authentication state cleared

[[ATTACHMENT|test-artifacts/core-flows-DOOF-Core-User--4b86b-ad-the-application-homepage-Mobile-Safari/test-failed-1.png]]

[[ATTACHMENT|test-artifacts/core-flows-DOOF-Core-User--4b86b-ad-the-application-homepage-Mobile-Safari/video.webm]]

[[ATTACHMENT|test-artifacts/core-flows-DOOF-Core-User--4b86b-ad-the-application-homepage-Mobile-Safari/error-context.md]]
]]>
</system-out>
</testcase>
<testcase name="DOOF Core User Flows â€º should navigate through main pages" classname="core-flows.spec.js" time="16.321">
<failure message="core-flows.spec.js:59:3 should navigate through main pages" type="FAILURE">
<![CDATA[  [Mobile Safari] â€º core-flows.spec.js:59:3 â€º DOOF Core User Flows â€º should navigate through main pages 

    TimeoutError: page.click: Timeout 15000ms exceeded.
    Call log:
      - waiting for locator('text=Home')
        - locator resolved to 2 elements. Proceeding with the first one: <a href="/" class="px-3 py-2 text-sm font-medium rounded-md text-primary bg-primary/10">Home</a>
      - attempting click action
        2 Ã— waiting for element to be visible, enabled and stable
          - element is not visible
        - retrying click action
        - waiting 20ms
        2 Ã— waiting for element to be visible, enabled and stable
          - element is not visible
        - retrying click action
          - waiting 100ms
        29 Ã— waiting for element to be visible, enabled and stable
           - element is not visible
         - retrying click action
           - waiting 500ms


      61 |     
      62 |     // Test Home navigation - match actual link text
    > 63 |     await page.click('text=Home');
         |                ^
      64 |     await page.waitForLoadState('networkidle');
      65 |     expect(page.url()).toContain('/');
      66 |     
        at /Users/naf/Downloads/doof/e2e/core-flows.spec.js:63:16

    attachment #1: screenshot (image/png) â”€â”€â”€â”€â”€â”€â”€â”€â”€â”€â”€â”€â”€â”€â”€â”€â”€â”€â”€â”€â”€â”€â”€â”€â”€â”€â”€â”€â”€â”€â”€â”€â”€â”€â”€â”€â”€â”€â”€â”€â”€â”€â”€â”€â”€â”€â”€â”€â”€â”€â”€â”€â”€â”€â”€â”€â”€â”€
    e2e-results/test-artifacts/core-flows-DOOF-Core-User--37f7b-navigate-through-main-pages-Mobile-Safari/test-failed-1.png
    â”€â”€â”€â”€â”€â”€â”€â”€â”€â”€â”€â”€â”€â”€â”€â”€â”€â”€â”€â”€â”€â”€â”€â”€â”€â”€â”€â”€â”€â”€â”€â”€â”€â”€â”€â”€â”€â”€â”€â”€â”€â”€â”€â”€â”€â”€â”€â”€â”€â”€â”€â”€â”€â”€â”€â”€â”€â”€â”€â”€â”€â”€â”€â”€â”€â”€â”€â”€â”€â”€â”€â”€â”€â”€â”€â”€â”€â”€â”€â”€â”€â”€â”€â”€â”€â”€â”€â”€â”€â”€â”€â”€â”€â”€â”€â”€

    attachment #2: video (video/webm) â”€â”€â”€â”€â”€â”€â”€â”€â”€â”€â”€â”€â”€â”€â”€â”€â”€â”€â”€â”€â”€â”€â”€â”€â”€â”€â”€â”€â”€â”€â”€â”€â”€â”€â”€â”€â”€â”€â”€â”€â”€â”€â”€â”€â”€â”€â”€â”€â”€â”€â”€â”€â”€â”€â”€â”€â”€â”€â”€â”€â”€â”€
    e2e-results/test-artifacts/core-flows-DOOF-Core-User--37f7b-navigate-through-main-pages-Mobile-Safari/video.webm
    â”€â”€â”€â”€â”€â”€â”€â”€â”€â”€â”€â”€â”€â”€â”€â”€â”€â”€â”€â”€â”€â”€â”€â”€â”€â”€â”€â”€â”€â”€â”€â”€â”€â”€â”€â”€â”€â”€â”€â”€â”€â”€â”€â”€â”€â”€â”€â”€â”€â”€â”€â”€â”€â”€â”€â”€â”€â”€â”€â”€â”€â”€â”€â”€â”€â”€â”€â”€â”€â”€â”€â”€â”€â”€â”€â”€â”€â”€â”€â”€â”€â”€â”€â”€â”€â”€â”€â”€â”€â”€â”€â”€â”€â”€â”€â”€

    Error Context: ../e2e-results/test-artifacts/core-flows-DOOF-Core-User--37f7b-navigate-through-main-pages-Mobile-Safari/error-context.md
]]>
</failure>
<system-out>
<![CDATA[ðŸ§¹ Authentication state cleared
ðŸ§ª Testing navigation
ðŸ§¹ Authentication state cleared

[[ATTACHMENT|test-artifacts/core-flows-DOOF-Core-User--37f7b-navigate-through-main-pages-Mobile-Safari/test-failed-1.png]]

[[ATTACHMENT|test-artifacts/core-flows-DOOF-Core-User--37f7b-navigate-through-main-pages-Mobile-Safari/video.webm]]

[[ATTACHMENT|test-artifacts/core-flows-DOOF-Core-User--37f7b-navigate-through-main-pages-Mobile-Safari/error-context.md]]
]]>
</system-out>
</testcase>
<testcase name="DOOF Core User Flows â€º should login successfully" classname="core-flows.spec.js" time="3.375">
<system-out>
<![CDATA[ðŸ§¹ Authentication state cleared
ðŸ§ª Testing login flow
Current URL after login attempt: http://localhost:5174/login
â„¹ï¸ Still on login page - may be normal behavior
âœ“ Login flow completed
ðŸ§¹ Authentication state cleared
]]>
</system-out>
</testcase>
<testcase name="DOOF Core User Flows â€º should connect to backend APIs" classname="core-flows.spec.js" time="1.232">
<system-out>
<![CDATA[ðŸ§¹ Authentication state cleared
ðŸ§ª Testing backend API connectivity
âœ“ Backend API connectivity verified
ðŸ§¹ Authentication state cleared
]]>
</system-out>
<system-err>
<![CDATA[âš ï¸ Auth API test failed: [2mexpect([22m[31mreceived[39m[2m).[22mtoBeDefined[2m()[22m

Received: [31mundefined[39m
]]>
</system-err>
</testcase>
<testcase name="DOOF Core User Flows â€º should logout successfully" classname="core-flows.spec.js" time="16.273">
<failure message="core-flows.spec.js:165:3 should logout successfully" type="FAILURE">
<![CDATA[  [Mobile Safari] â€º core-flows.spec.js:165:3 â€º DOOF Core User Flows â€º should logout successfully â”€â”€â”€

    TimeoutError: page.fill: Timeout 15000ms exceeded.
    Call log:
      - waiting for locator('input[name="email"], input[type="email"]')
        - locator resolved to <input id="email" type="email" name="email" aria-invalid="false" autocomplete="email" data-testid="email-input" placeholder="you@example.com" class="block w-full px-3 py-2 border border-gray-300 rounded-md shadow-sm placeholder-gray-400 focus:outline-none focus:ring-1 focus:ring-[#D1B399] focus:border-[#D1B399] sm:text-sm disabled:opacity-60 disabled:bg-gray-50  bg-input text-foreground border-border"/>
        - fill("admin@example.com")
      - attempting fill action
        - waiting for element to be visible, enabled and editable
      - element was detached from the DOM, retrying


      168 |     // First, navigate to login and login manually
      169 |     await page.goto('/login');
    > 170 |     await page.fill('input[name="email"], input[type="email"]', CONFIG.EXISTING_USER.email);
          |                ^
      171 |     await page.fill('input[name="password"], input[type="password"]', CONFIG.EXISTING_USER.password);
      172 |     await page.click('button[type="submit"], button:has-text("Login"), button:has-text("Sign In")');
      173 |     await page.waitForTimeout(2000);
        at /Users/naf/Downloads/doof/e2e/core-flows.spec.js:170:16

    attachment #1: screenshot (image/png) â”€â”€â”€â”€â”€â”€â”€â”€â”€â”€â”€â”€â”€â”€â”€â”€â”€â”€â”€â”€â”€â”€â”€â”€â”€â”€â”€â”€â”€â”€â”€â”€â”€â”€â”€â”€â”€â”€â”€â”€â”€â”€â”€â”€â”€â”€â”€â”€â”€â”€â”€â”€â”€â”€â”€â”€â”€â”€
    e2e-results/test-artifacts/core-flows-DOOF-Core-User-Flows-should-logout-successfully-Mobile-Safari/test-failed-1.png
    â”€â”€â”€â”€â”€â”€â”€â”€â”€â”€â”€â”€â”€â”€â”€â”€â”€â”€â”€â”€â”€â”€â”€â”€â”€â”€â”€â”€â”€â”€â”€â”€â”€â”€â”€â”€â”€â”€â”€â”€â”€â”€â”€â”€â”€â”€â”€â”€â”€â”€â”€â”€â”€â”€â”€â”€â”€â”€â”€â”€â”€â”€â”€â”€â”€â”€â”€â”€â”€â”€â”€â”€â”€â”€â”€â”€â”€â”€â”€â”€â”€â”€â”€â”€â”€â”€â”€â”€â”€â”€â”€â”€â”€â”€â”€â”€

    attachment #2: video (video/webm) â”€â”€â”€â”€â”€â”€â”€â”€â”€â”€â”€â”€â”€â”€â”€â”€â”€â”€â”€â”€â”€â”€â”€â”€â”€â”€â”€â”€â”€â”€â”€â”€â”€â”€â”€â”€â”€â”€â”€â”€â”€â”€â”€â”€â”€â”€â”€â”€â”€â”€â”€â”€â”€â”€â”€â”€â”€â”€â”€â”€â”€â”€
    e2e-results/test-artifacts/core-flows-DOOF-Core-User-Flows-should-logout-successfully-Mobile-Safari/video.webm
    â”€â”€â”€â”€â”€â”€â”€â”€â”€â”€â”€â”€â”€â”€â”€â”€â”€â”€â”€â”€â”€â”€â”€â”€â”€â”€â”€â”€â”€â”€â”€â”€â”€â”€â”€â”€â”€â”€â”€â”€â”€â”€â”€â”€â”€â”€â”€â”€â”€â”€â”€â”€â”€â”€â”€â”€â”€â”€â”€â”€â”€â”€â”€â”€â”€â”€â”€â”€â”€â”€â”€â”€â”€â”€â”€â”€â”€â”€â”€â”€â”€â”€â”€â”€â”€â”€â”€â”€â”€â”€â”€â”€â”€â”€â”€â”€

    Error Context: ../e2e-results/test-artifacts/core-flows-DOOF-Core-User-Flows-should-logout-successfully-Mobile-Safari/error-context.md
]]>
</failure>
<system-out>
<![CDATA[ðŸ§¹ Authentication state cleared
ðŸ§ª Testing logout flow
ðŸ§¹ Authentication state cleared

[[ATTACHMENT|test-artifacts/core-flows-DOOF-Core-User-Flows-should-logout-successfully-Mobile-Safari/test-failed-1.png]]

[[ATTACHMENT|test-artifacts/core-flows-DOOF-Core-User-Flows-should-logout-successfully-Mobile-Safari/video.webm]]

[[ATTACHMENT|test-artifacts/core-flows-DOOF-Core-User-Flows-should-logout-successfully-Mobile-Safari/error-context.md]]
]]>
</system-out>
</testcase>
<testcase name="DOOF Core User Flows â€º should handle search functionality" classname="core-flows.spec.js" time="1.318">
<system-out>
<![CDATA[ðŸ§¹ Authentication state cleared
ðŸ§ª Testing search functionality
âœ“ Search navigation successful
âœ“ Search functionality tested
ðŸ§¹ Authentication state cleared
]]>
</system-out>
</testcase>
<testcase name="DOOF Core User Flows â€º should handle protected routes correctly" classname="core-flows.spec.js" time="1.819">
<system-out>
<![CDATA[ðŸ§¹ Authentication state cleared
ðŸ§ª Testing protected route access
â„¹ï¸ Protected route may be accessible without auth or route may not exist
âœ“ Protected route access tested
ðŸ§¹ Authentication state cleared
]]>
</system-out>
</testcase>
</testsuite>
</testsuites>